<?xml version="1.0" encoding="UTF-8"?>
<!-- Generated by org.testng.reporters.JUnitReportReporter -->
<testsuite hostname="DESKTOP-AUJDBI1" failures="0" tests="1" name="testcases.LoginPageTest" time="9.104" errors="0" timestamp="02 Aug 2020 19:02:50 GMT" skipped="0">
  <testcase classname="testcases.LoginPageTest" name="loginPageTitleTest" time="9.104"/>
</testsuite> <!-- testcases.LoginPageTest -->
